<?xml version="1.0" encoding="UTF-8"?>
<testsuite xmlns:xsi="http://www.w3.org/2001/XMLSchema-instance" xsi:noNamespaceSchemaLocation="https://maven.apache.org/surefire/maven-surefire-plugin/xsd/surefire-test-report.xsd" version="3.0.2" name="com.digitalarchitect.microservices.product_service.ProductServiceApplicationTests" time="8.915" tests="1" errors="0" skipped="0" failures="0">
  <properties>
[...]
</properties>
  <testcase name="contextLoads" classname="com.digitalarchitect.microservices.product_service.ProductServiceApplicationTests" time="0.855">
    <system-out><![CDATA[12:29:56.641 [main] INFO org.springframework.test.context.support.AnnotationConfigContextLoaderUtils -- Could not detect default configuration classes for test class [com.digitalarchitect.microservices.product_service.ProductServiceApplicationTests]: ProductServiceApplicationTests does not declare any static, non-private, non-final, nested classes annotated with @Configuration.
12:29:56.799 [main] INFO org.springframework.boot.test.context.SpringBootTestContextBootstrapper -- Found @SpringBootConfiguration com.digitalarchitect.microservices.product_service.ProductServiceApplication for test class com.digitalarchitect.microservices.product_service.ProductServiceApplicationTests

  .   ____          _            __ _ _
 /\\ / ___'_ __ _ _(_)_ __  __ _ \ \ \ \
( ( )\___ | '_ | '_| | '_ \/ _` | \ \ \ \
 \\/  ___)| |_)| | | | | || (_| |  ) ) ) )
  '  |____| .__|_| |_|_| |_\__, | / / / /
 =========|_|==============|___/=/_/_/_/

 :: Spring Boot ::                (v3.4.3)

2025-03-17T12:29:57.401-05:00  INFO 1430 --- [product-service] [           main] c.d.m.p.ProductServiceApplicationTests   : Starting ProductServiceApplicationTests using Java 21.0.6 with PID 1430 (started by joseluiscastillo in /Users/joseluiscastillo/Documents/ProductsOrderingMicroservicesApp/product-service)
2025-03-17T12:29:57.402-05:00  INFO 1430 --- [product-service] [           main] c.d.m.p.ProductServiceApplicationTests   : No active profile set, falling back to 1 default profile: "default"
2025-03-17T12:29:57.981-05:00  INFO 1430 --- [product-service] [           main] .s.d.r.c.RepositoryConfigurationDelegate : Bootstrapping Spring Data MongoDB repositories in DEFAULT mode.
2025-03-17T12:29:58.030-05:00  INFO 1430 --- [product-service] [           main] .s.d.r.c.RepositoryConfigurationDelegate : Finished Spring Data repository scanning in 42 ms. Found 1 MongoDB repository interface.
2025-03-17T12:29:58.289-05:00  INFO 1430 --- [product-service] [           main] org.testcontainers.images.PullPolicy     : Image pull policy will be performed by: DefaultPullPolicy()
2025-03-17T12:29:58.294-05:00  INFO 1430 --- [product-service] [           main] o.t.utility.ImageNameSubstitutor         : Image name substitution will be performed by: DefaultImageNameSubstitutor (composite of 'ConfigurationFileImageNameSubstitutor' and 'PrefixingImageNameSubstitutor')
2025-03-17T12:29:58.327-05:00  INFO 1430 --- [product-service] [           main] org.testcontainers.DockerClientFactory   : Testcontainers version: 1.20.5
2025-03-17T12:29:58.569-05:00  INFO 1430 --- [product-service] [           main] o.t.d.DockerClientProviderStrategy       : Loaded org.testcontainers.dockerclient.UnixSocketClientProviderStrategy from ~/.testcontainers.properties, will try it first
2025-03-17T12:29:58.856-05:00  INFO 1430 --- [product-service] [           main] o.t.d.DockerClientProviderStrategy       : Found Docker environment with local Unix socket (unix:///var/run/docker.sock)
2025-03-17T12:29:58.857-05:00  INFO 1430 --- [product-service] [           main] org.testcontainers.DockerClientFactory   : Docker host IP address is localhost
2025-03-17T12:29:58.881-05:00  INFO 1430 --- [product-service] [           main] org.testcontainers.DockerClientFactory   : Connected to docker: 
  Server Version: 28.0.1
  API Version: 1.48
  Operating System: Docker Desktop
  Total Memory: 7839 MB
  Labels: 
    com.docker.desktop.address=unix:///Users/joseluiscastillo/Library/Containers/com.docker.docker/Data/docker-cli.sock
2025-03-17T12:29:58.979-05:00  INFO 1430 --- [product-service] [           main] tc.testcontainers/ryuk:0.11.0            : Creating container for image: testcontainers/ryuk:0.11.0
2025-03-17T12:29:59.339-05:00  INFO 1430 --- [product-service] [           main] tc.testcontainers/ryuk:0.11.0            : Container testcontainers/ryuk:0.11.0 is starting: 1e6d6fe4f9ba268c488f5c747eed73331b7e8b18be3e91dd6bcb0955b5cb0271
2025-03-17T12:29:59.867-05:00  INFO 1430 --- [product-service] [           main] tc.testcontainers/ryuk:0.11.0            : Container testcontainers/ryuk:0.11.0 started in PT0.888169S
2025-03-17T12:29:59.875-05:00  INFO 1430 --- [product-service] [           main] o.t.utility.RyukResourceReaper           : Ryuk started - will monitor and terminate Testcontainers containers on JVM exit
2025-03-17T12:29:59.875-05:00  INFO 1430 --- [product-service] [           main] org.testcontainers.DockerClientFactory   : Checking the system...
2025-03-17T12:29:59.876-05:00  INFO 1430 --- [product-service] [           main] org.testcontainers.DockerClientFactory   : ✔︎ Docker server version should be at least 1.6.0
2025-03-17T12:29:59.876-05:00  INFO 1430 --- [product-service] [           main] tc.mongo:latest                          : Creating container for image: mongo:latest
2025-03-17T12:29:59.956-05:00  INFO 1430 --- [product-service] [           main] tc.mongo:latest                          : Container mongo:latest is starting: 130915f8b440f6ed4d605f269abbf6200219091c679efdaa117ae539b45c6e97
2025-03-17T12:30:01.561-05:00  INFO 1430 --- [product-service] [           main] tc.mongo:latest                          : Container mongo:latest started in PT1.68504S
2025-03-17T12:30:03.726-05:00  INFO 1430 --- [product-service] [           main] org.mongodb.driver.client                : MongoClient with metadata {"driver": {"name": "mongo-java-driver|sync|spring-boot", "version": "5.2.1"}, "os": {"type": "Darwin", "name": "Mac OS X", "architecture": "x86_64", "version": "12.7.6"}, "platform": "Java/Oracle Corporation/21.0.6+8-LTS-188"} created with settings MongoClientSettings{readPreference=primary, writeConcern=WriteConcern{w=null, wTimeout=null ms, journal=null}, retryWrites=true, retryReads=true, readConcern=ReadConcern{level=null}, credential=null, transportSettings=null, commandListeners=[], codecRegistry=ProvidersCodecRegistry{codecProviders=[ValueCodecProvider{}, BsonValueCodecProvider{}, DBRefCodecProvider{}, DBObjectCodecProvider{}, DocumentCodecProvider{}, CollectionCodecProvider{}, IterableCodecProvider{}, MapCodecProvider{}, GeoJsonCodecProvider{}, GridFSFileCodecProvider{}, Jsr310CodecProvider{}, JsonObjectCodecProvider{}, BsonCodecProvider{}, EnumCodecProvider{}, com.mongodb.client.model.mql.ExpressionCodecProvider@54be6213, com.mongodb.Jep395RecordCodecProvider@48a46b0f, com.mongodb.KotlinCodecProvider@1426370c]}, loggerSettings=LoggerSettings{maxDocumentLength=1000}, clusterSettings={hosts=[localhost:49578], srvServiceName=mongodb, mode=SINGLE, requiredClusterType=UNKNOWN, requiredReplicaSetName='null', serverSelector='null', clusterListeners='[]', serverSelectionTimeout='30000 ms', localThreshold='15 ms'}, socketSettings=SocketSettings{connectTimeoutMS=10000, readTimeoutMS=0, receiveBufferSize=0, proxySettings=ProxySettings{host=null, port=null, username=null, password=null}}, heartbeatSocketSettings=SocketSettings{connectTimeoutMS=10000, readTimeoutMS=10000, receiveBufferSize=0, proxySettings=ProxySettings{host=null, port=null, username=null, password=null}}, connectionPoolSettings=ConnectionPoolSettings{maxSize=100, minSize=0, maxWaitTimeMS=120000, maxConnectionLifeTimeMS=0, maxConnectionIdleTimeMS=0, maintenanceInitialDelayMS=0, maintenanceFrequencyMS=60000, connectionPoolListeners=[], maxConnecting=2}, serverSettings=ServerSettings{heartbeatFrequencyMS=10000, minHeartbeatFrequencyMS=500, serverMonitoringMode=AUTO, serverListeners='[]', serverMonitorListeners='[]'}, sslSettings=SslSettings{enabled=false, invalidHostNameAllowed=false, context=null}, applicationName='null', compressorList=[], uuidRepresentation=JAVA_LEGACY, serverApi=null, autoEncryptionSettings=null, dnsClient=null, inetAddressResolver=null, contextProvider=null, timeoutMS=null}
2025-03-17T12:30:03.742-05:00  INFO 1430 --- [product-service] [localhost:49578] org.mongodb.driver.cluster               : Monitor thread successfully connected to server with description ServerDescription{address=localhost:49578, type=REPLICA_SET_PRIMARY, cryptd=false, state=CONNECTED, ok=true, minWireVersion=0, maxWireVersion=25, maxDocumentSize=16777216, logicalSessionTimeoutMinutes=30, roundTripTimeNanos=20005725, minRoundTripTimeNanos=0, setName='docker-rs', canonicalAddress=130915f8b440:27017, hosts=[130915f8b440:27017], passives=[], arbiters=[], primary='130915f8b440:27017', tagSet=TagSet{[]}, electionId=7fffffff0000000000000001, setVersion=1, topologyVersion=TopologyVersion{processId=67d85c18f64d0e4996692e3c, counter=6}, lastWriteDate=Mon Mar 17 12:30:02 CDT 2025, lastUpdateTimeNanos=1506791525998}
2025-03-17T12:30:04.492-05:00  INFO 1430 --- [product-service] [           main] c.d.m.p.ProductServiceApplicationTests   : Started ProductServiceApplicationTests in 7.416 seconds (process running for 8.646)
]]></system-out>
    <system-err><![CDATA[Mockito is currently self-attaching to enable the inline-mock-maker. This will no longer work in future releases of the JDK. Please add Mockito as an agent to your build what is described in Mockito's documentation: https://javadoc.io/doc/org.mockito/mockito-core/latest/org/mockito/Mockito.html#0.3
WARNING: A Java agent has been loaded dynamically (/Users/joseluiscastillo/.m2/repository/net/bytebuddy/byte-buddy-agent/1.15.11/byte-buddy-agent-1.15.11.jar)
WARNING: If a serviceability tool is in use, please run with -XX:+EnableDynamicAgentLoading to hide this warning
WARNING: If a serviceability tool is not in use, please run with -Djdk.instrument.traceUsage for more information
WARNING: Dynamic loading of agents will be disallowed by default in a future release
]]></system-err>
  </testcase>
</testsuite>